<?xml version="1.0" encoding="UTF-8"?>
<testsuite name="consultarVuelos" tests="2" skipped="0" failures="0" errors="0" timestamp="2022-05-03T16:12:00" hostname="DESKTOP-4PA18HQ" time="24.47">
  <properties/>
  <testcase name="check flights" classname="consultarVuelos" time="13.587"/>
  <testcase name="check flights" classname="consultarVuelos" time="10.879"/>
  <system-out><![CDATA[]]></system-out>
  <system-err><![CDATA[[Test worker] WARN net.thucydides.core.steps.BaseStepListener - stepStarted: net.thucydides.core.steps.ExecutedStepDescription@2d13b094
[Test worker] WARN net.thucydides.core.steps.BaseStepListener - stepStarted: net.thucydides.core.steps.ExecutedStepDescription@2d97841d
[Test worker] WARN net.thucydides.core.steps.BaseStepListener - stepStarted: net.thucydides.core.steps.ExecutedStepDescription@218c7aaf
may 03, 2022 11:12:00 AM org.openqa.selenium.remote.DesiredCapabilities chrome
INFORMACIÓN: Using `new ChromeOptions()` is preferred to `DesiredCapabilities.chrome()`
[Test worker] INFO net.serenitybdd.core.webdriver.driverproviders.ProvideNewDriver - Instantiating driver
[Test worker] INFO net.serenitybdd.core.webdriver.driverproviders.ProvideNewDriver - Driver capabilities: Capabilities {acceptInsecureCerts: false, browserName: chrome, chrome.switches: --start-maximized, goog:chromeOptions: {args: [--start-maximized], extensions: []}, loggingPrefs: org.openqa.selenium.logging..., platform: ANY, version: }
Starting ChromeDriver 99.0.4844.51 (d537ec02474b5afe23684e7963d538896c63ac77-refs/branch-heads/4844@{#875}) on port 18414
Only local connections are allowed.
Please see https://chromedriver.chromium.org/security-considerations for suggestions on keeping ChromeDriver safe.
ChromeDriver was started successfully.
[1651594323.611][WARNING]: This version of ChromeDriver has not been tested with Chrome version 100.
may 03, 2022 11:12:03 AM org.openqa.selenium.remote.ProtocolHandshake createSession
INFORMACIÓN: Detected dialect: W3C
[Test worker] WARN net.thucydides.core.steps.BaseStepListener - stepFinished: current outcome:check flights:Example: {origen=Medellín, MDE - Colombia, destino=Pereira, PEI - Colombia} [Given Latam user [Tania open up [Tania opens the Page latam]]]
[Test worker] WARN net.thucydides.core.steps.BaseStepListener - stepFinished: current outcome:check flights:Example: {origen=Medellín, MDE - Colombia, destino=Pereira, PEI - Colombia} [Given Latam user [Tania open up [Tania opens the Page latam]]]
[Test worker] WARN net.thucydides.core.steps.BaseStepListener - stepFinished: current outcome:check flights:Example: {origen=Medellín, MDE - Colombia, destino=Pereira, PEI - Colombia} [Given Latam user [Tania open up [Tania opens the Page latam]]]
[Test worker] WARN net.thucydides.core.steps.BaseStepListener - stepStarted: net.thucydides.core.steps.ExecutedStepDescription@2e1abed3
[Test worker] WARN net.thucydides.core.steps.BaseStepListener - stepStarted: net.thucydides.core.steps.ExecutedStepDescription@ac468d2
[Test worker] WARN net.thucydides.core.steps.BaseStepListener - stepStarted: net.thucydides.core.steps.ExecutedStepDescription@727c1322
[Test worker] WARN net.thucydides.core.steps.BaseStepListener - stepFinished: current outcome:check flights:Example: {origen=Medellín, MDE - Colombia, destino=Pereira, PEI - Colombia} [Given Latam user [Tania open up [Tania opens the Page latam]], When check round trip flights
| origen | destino |
| Medellín, MDE - Colombia | Pereira, PEI - Colombia | [Tania consultar vuelo [Tania clicks on Seleccionar el tipo de viaje]]]
[Test worker] WARN net.thucydides.core.steps.BaseStepListener - stepStarted: net.thucydides.core.steps.ExecutedStepDescription@5123595b
[Test worker] WARN net.thucydides.core.steps.BaseStepListener - stepFinished: current outcome:check flights:Example: {origen=Medellín, MDE - Colombia, destino=Pereira, PEI - Colombia} [Given Latam user [Tania open up [Tania opens the Page latam]], When check round trip flights
| origen | destino |
| Medellín, MDE - Colombia | Pereira, PEI - Colombia | [Tania consultar vuelo [Tania clicks on Seleccionar el tipo de viaje, Tania clicks on Seleccionar el tipo de viaje]]]
[Test worker] WARN net.thucydides.core.steps.BaseStepListener - stepFinished: current outcome:check flights:Example: {origen=Medellín, MDE - Colombia, destino=Pereira, PEI - Colombia} [Given Latam user [Tania open up [Tania opens the Page latam]], When check round trip flights
| origen | destino |
| Medellín, MDE - Colombia | Pereira, PEI - Colombia | [Tania consultar vuelo [Tania clicks on Seleccionar el tipo de viaje, Tania clicks on Seleccionar el tipo de viaje]]]
[Test worker] WARN net.thucydides.core.steps.BaseStepListener - stepFinished: current outcome:check flights:Example: {origen=Medellín, MDE - Colombia, destino=Pereira, PEI - Colombia} [Given Latam user [Tania open up [Tania opens the Page latam]], When check round trip flights
| origen | destino |
| Medellín, MDE - Colombia | Pereira, PEI - Colombia | [Tania consultar vuelo [Tania clicks on Seleccionar el tipo de viaje, Tania clicks on Seleccionar el tipo de viaje]]]
[Test worker] WARN net.thucydides.core.steps.BaseStepListener - stepStarted: net.thucydides.core.steps.ExecutedStepDescription@7b175f42
[Test worker] WARN net.thucydides.core.steps.BaseStepListener - stepFinished: current outcome:check flights:Example: {origen=Medellín, MDE - Colombia, destino=Pereira, PEI - Colombia} [Given Latam user [Tania open up [Tania opens the Page latam]], When check round trip flights
| origen | destino |
| Medellín, MDE - Colombia | Pereira, PEI - Colombia | [Tania consultar vuelo [Tania clicks on Seleccionar el tipo de viaje, Tania clicks on Seleccionar el tipo de viaje]], Then validate the different flights available]
[Test worker] WARN net.thucydides.core.steps.BaseStepListener - stepFinished: current outcome:check flights:Example: {origen=Medellín, MDE - Colombia, destino=Pereira, PEI - Colombia} [Given Latam user [Tania open up [Tania opens the Page latam]], When check round trip flights
| origen | destino |
| Medellín, MDE - Colombia | Pereira, PEI - Colombia | [Tania consultar vuelo [Tania clicks on Seleccionar el tipo de viaje, Tania clicks on Seleccionar el tipo de viaje]], Then validate the different flights available]
[Test worker] WARN net.thucydides.core.steps.BaseStepListener - testFinished: check flights:Example: {origen=Medellín, MDE - Colombia, destino=Pereira, PEI - Colombia} [Given Latam user [Tania open up [Tania opens the Page latam]], When check round trip flights
| origen | destino |
| Medellín, MDE - Colombia | Pereira, PEI - Colombia | [Tania consultar vuelo [Tania clicks on Seleccionar el tipo de viaje, Tania clicks on Seleccionar el tipo de viaje]], Then validate the different flights available]
[Test worker] WARN net.thucydides.core.steps.BaseStepListener - TestOutcomes: [check flights:Example: {origen=Medellín, MDE - Colombia, destino=Pereira, PEI - Colombia} [Given Latam user [Tania open up [Tania opens the Page latam]], When check round trip flights
| origen | destino |
| Medellín, MDE - Colombia | Pereira, PEI - Colombia | [Tania consultar vuelo [Tania clicks on Seleccionar el tipo de viaje, Tania clicks on Seleccionar el tipo de viaje]], Then validate the different flights available]]
[Test worker] WARN net.thucydides.core.steps.BaseStepListener - Final testOutcomes: [check flights:Example: {origen=Medellín, MDE - Colombia, destino=Pereira, PEI - Colombia} [Given Latam user [Tania open up [Tania opens the Page latam]], When check round trip flights
| origen | destino |
| Medellín, MDE - Colombia | Pereira, PEI - Colombia | [Tania consultar vuelo [Tania clicks on Seleccionar el tipo de viaje, Tania clicks on Seleccionar el tipo de viaje]], Then validate the different flights available]]
[Test worker] INFO net.thucydides.core.steps.ConsoleLoggingListener - 
        __    _____ _____ ____ _____   ____   _    ____  ____  _____ ____  
  _     \ \  |_   _| ____/ ___|_   _| |  _ \ / \  / ___|/ ___|| ____|  _ \ 
 (_)_____| |   | | |  _| \___ \ | |   | |_) / _ \ \___ \\___ \|  _| | | | |
  _|_____| |   | | | |___ ___) || |   |  __/ ___ \ ___) |___) | |___| |_| |
 (_)     | |   |_| |_____|____/ |_|   |_| /_/   \_\____/|____/|_____|____/ 
        /_/                                                                

TEST PASSED: check flights
----------------------------------------------------------------------------
[Test worker] WARN net.thucydides.core.steps.BaseStepListener - stepStarted: net.thucydides.core.steps.ExecutedStepDescription@5b7e0db
[Test worker] WARN net.thucydides.core.steps.BaseStepListener - stepStarted: net.thucydides.core.steps.ExecutedStepDescription@cde3e2f
[Test worker] WARN net.thucydides.core.steps.BaseStepListener - stepStarted: net.thucydides.core.steps.ExecutedStepDescription@6ba01786
may 03, 2022 11:12:13 AM org.openqa.selenium.remote.DesiredCapabilities chrome
INFORMACIÓN: Using `new ChromeOptions()` is preferred to `DesiredCapabilities.chrome()`
[Test worker] INFO net.serenitybdd.core.webdriver.driverproviders.ProvideNewDriver - Instantiating driver
[Test worker] INFO net.serenitybdd.core.webdriver.driverproviders.ProvideNewDriver - Driver capabilities: Capabilities {acceptInsecureCerts: false, browserName: chrome, chrome.switches: --start-maximized, goog:chromeOptions: {args: [--start-maximized], extensions: []}, loggingPrefs: org.openqa.selenium.logging..., platform: ANY, version: }
Starting ChromeDriver 99.0.4844.51 (d537ec02474b5afe23684e7963d538896c63ac77-refs/branch-heads/4844@{#875}) on port 32322
Only local connections are allowed.
Please see https://chromedriver.chromium.org/security-considerations for suggestions on keeping ChromeDriver safe.
ChromeDriver was started successfully.
[1651594335.433][WARNING]: This version of ChromeDriver has not been tested with Chrome version 100.
may 03, 2022 11:12:15 AM org.openqa.selenium.remote.ProtocolHandshake createSession
INFORMACIÓN: Detected dialect: W3C
[Test worker] WARN net.thucydides.core.steps.BaseStepListener - stepFinished: current outcome:check flights:Example: {origen=Medellín, MDE - Colombia, destino=Pereira, PEI - Colombia} [Given Latam user [Tania open up [Tania opens the Page latam]], When check round trip flights
| origen | destino |
| Medellín, MDE - Colombia | Pereira, PEI - Colombia | [Tania consultar vuelo [Tania clicks on Seleccionar el tipo de viaje, Tania clicks on Seleccionar el tipo de viaje]], Then validate the different flights available], Example: {origen=Armenia, AXM - Colombia, destino=Cartagena de Indias, CTG - Colombia} [Given Latam user [Tania open up [Tania opens the Page latam]]]
[Test worker] WARN net.thucydides.core.steps.BaseStepListener - stepFinished: current outcome:check flights:Example: {origen=Medellín, MDE - Colombia, destino=Pereira, PEI - Colombia} [Given Latam user [Tania open up [Tania opens the Page latam]], When check round trip flights
| origen | destino |
| Medellín, MDE - Colombia | Pereira, PEI - Colombia | [Tania consultar vuelo [Tania clicks on Seleccionar el tipo de viaje, Tania clicks on Seleccionar el tipo de viaje]], Then validate the different flights available], Example: {origen=Armenia, AXM - Colombia, destino=Cartagena de Indias, CTG - Colombia} [Given Latam user [Tania open up [Tania opens the Page latam]]]
[Test worker] WARN net.thucydides.core.steps.BaseStepListener - stepFinished: current outcome:check flights:Example: {origen=Medellín, MDE - Colombia, destino=Pereira, PEI - Colombia} [Given Latam user [Tania open up [Tania opens the Page latam]], When check round trip flights
| origen | destino |
| Medellín, MDE - Colombia | Pereira, PEI - Colombia | [Tania consultar vuelo [Tania clicks on Seleccionar el tipo de viaje, Tania clicks on Seleccionar el tipo de viaje]], Then validate the different flights available], Example: {origen=Armenia, AXM - Colombia, destino=Cartagena de Indias, CTG - Colombia} [Given Latam user [Tania open up [Tania opens the Page latam]]]
[Test worker] WARN net.thucydides.core.steps.BaseStepListener - stepStarted: net.thucydides.core.steps.ExecutedStepDescription@2b3e9d5c
[Test worker] WARN net.thucydides.core.steps.BaseStepListener - stepStarted: net.thucydides.core.steps.ExecutedStepDescription@523da0be
[Test worker] WARN net.thucydides.core.steps.BaseStepListener - stepStarted: net.thucydides.core.steps.ExecutedStepDescription@4442da3a
[Test worker] WARN net.thucydides.core.steps.BaseStepListener - stepFinished: current outcome:check flights:Example: {origen=Medellín, MDE - Colombia, destino=Pereira, PEI - Colombia} [Given Latam user [Tania open up [Tania opens the Page latam]], When check round trip flights
| origen | destino |
| Medellín, MDE - Colombia | Pereira, PEI - Colombia | [Tania consultar vuelo [Tania clicks on Seleccionar el tipo de viaje, Tania clicks on Seleccionar el tipo de viaje]], Then validate the different flights available], Example: {origen=Armenia, AXM - Colombia, destino=Cartagena de Indias, CTG - Colombia} [Given Latam user [Tania open up [Tania opens the Page latam]], When check round trip flights
| origen | destino |
| Armenia, AXM - Colombia | Cartagena de Indias, CTG - Colombia | [Tania consultar vuelo [Tania clicks on Seleccionar el tipo de viaje]]]
[Test worker] WARN net.thucydides.core.steps.BaseStepListener - stepStarted: net.thucydides.core.steps.ExecutedStepDescription@40f8e40
[Test worker] WARN net.thucydides.core.steps.BaseStepListener - stepFinished: current outcome:check flights:Example: {origen=Medellín, MDE - Colombia, destino=Pereira, PEI - Colombia} [Given Latam user [Tania open up [Tania opens the Page latam]], When check round trip flights
| origen | destino |
| Medellín, MDE - Colombia | Pereira, PEI - Colombia | [Tania consultar vuelo [Tania clicks on Seleccionar el tipo de viaje, Tania clicks on Seleccionar el tipo de viaje]], Then validate the different flights available], Example: {origen=Armenia, AXM - Colombia, destino=Cartagena de Indias, CTG - Colombia} [Given Latam user [Tania open up [Tania opens the Page latam]], When check round trip flights
| origen | destino |
| Armenia, AXM - Colombia | Cartagena de Indias, CTG - Colombia | [Tania consultar vuelo [Tania clicks on Seleccionar el tipo de viaje, Tania clicks on Seleccionar el tipo de viaje]]]
[Test worker] WARN net.thucydides.core.steps.BaseStepListener - stepFinished: current outcome:check flights:Example: {origen=Medellín, MDE - Colombia, destino=Pereira, PEI - Colombia} [Given Latam user [Tania open up [Tania opens the Page latam]], When check round trip flights
| origen | destino |
| Medellín, MDE - Colombia | Pereira, PEI - Colombia | [Tania consultar vuelo [Tania clicks on Seleccionar el tipo de viaje, Tania clicks on Seleccionar el tipo de viaje]], Then validate the different flights available], Example: {origen=Armenia, AXM - Colombia, destino=Cartagena de Indias, CTG - Colombia} [Given Latam user [Tania open up [Tania opens the Page latam]], When check round trip flights
| origen | destino |
| Armenia, AXM - Colombia | Cartagena de Indias, CTG - Colombia | [Tania consultar vuelo [Tania clicks on Seleccionar el tipo de viaje, Tania clicks on Seleccionar el tipo de viaje]]]
[Test worker] WARN net.thucydides.core.steps.BaseStepListener - stepFinished: current outcome:check flights:Example: {origen=Medellín, MDE - Colombia, destino=Pereira, PEI - Colombia} [Given Latam user [Tania open up [Tania opens the Page latam]], When check round trip flights
| origen | destino |
| Medellín, MDE - Colombia | Pereira, PEI - Colombia | [Tania consultar vuelo [Tania clicks on Seleccionar el tipo de viaje, Tania clicks on Seleccionar el tipo de viaje]], Then validate the different flights available], Example: {origen=Armenia, AXM - Colombia, destino=Cartagena de Indias, CTG - Colombia} [Given Latam user [Tania open up [Tania opens the Page latam]], When check round trip flights
| origen | destino |
| Armenia, AXM - Colombia | Cartagena de Indias, CTG - Colombia | [Tania consultar vuelo [Tania clicks on Seleccionar el tipo de viaje, Tania clicks on Seleccionar el tipo de viaje]]]
[Test worker] WARN net.thucydides.core.steps.BaseStepListener - stepStarted: net.thucydides.core.steps.ExecutedStepDescription@4bdcb1cf
[Test worker] WARN net.thucydides.core.steps.BaseStepListener - stepFinished: current outcome:check flights:Example: {origen=Medellín, MDE - Colombia, destino=Pereira, PEI - Colombia} [Given Latam user [Tania open up [Tania opens the Page latam]], When check round trip flights
| origen | destino |
| Medellín, MDE - Colombia | Pereira, PEI - Colombia | [Tania consultar vuelo [Tania clicks on Seleccionar el tipo de viaje, Tania clicks on Seleccionar el tipo de viaje]], Then validate the different flights available], Example: {origen=Armenia, AXM - Colombia, destino=Cartagena de Indias, CTG - Colombia} [Given Latam user [Tania open up [Tania opens the Page latam]], When check round trip flights
| origen | destino |
| Armenia, AXM - Colombia | Cartagena de Indias, CTG - Colombia | [Tania consultar vuelo [Tania clicks on Seleccionar el tipo de viaje, Tania clicks on Seleccionar el tipo de viaje]], Then validate the different flights available]
[Test worker] WARN net.thucydides.core.steps.BaseStepListener - stepFinished: current outcome:check flights:Example: {origen=Medellín, MDE - Colombia, destino=Pereira, PEI - Colombia} [Given Latam user [Tania open up [Tania opens the Page latam]], When check round trip flights
| origen | destino |
| Medellín, MDE - Colombia | Pereira, PEI - Colombia | [Tania consultar vuelo [Tania clicks on Seleccionar el tipo de viaje, Tania clicks on Seleccionar el tipo de viaje]], Then validate the different flights available], Example: {origen=Armenia, AXM - Colombia, destino=Cartagena de Indias, CTG - Colombia} [Given Latam user [Tania open up [Tania opens the Page latam]], When check round trip flights
| origen | destino |
| Armenia, AXM - Colombia | Cartagena de Indias, CTG - Colombia | [Tania consultar vuelo [Tania clicks on Seleccionar el tipo de viaje, Tania clicks on Seleccionar el tipo de viaje]], Then validate the different flights available]
[Test worker] WARN net.thucydides.core.steps.BaseStepListener - testFinished: check flights:Example: {origen=Medellín, MDE - Colombia, destino=Pereira, PEI - Colombia} [Given Latam user [Tania open up [Tania opens the Page latam]], When check round trip flights
| origen | destino |
| Medellín, MDE - Colombia | Pereira, PEI - Colombia | [Tania consultar vuelo [Tania clicks on Seleccionar el tipo de viaje, Tania clicks on Seleccionar el tipo de viaje]], Then validate the different flights available], Example: {origen=Armenia, AXM - Colombia, destino=Cartagena de Indias, CTG - Colombia} [Given Latam user [Tania open up [Tania opens the Page latam]], When check round trip flights
| origen | destino |
| Armenia, AXM - Colombia | Cartagena de Indias, CTG - Colombia | [Tania consultar vuelo [Tania clicks on Seleccionar el tipo de viaje, Tania clicks on Seleccionar el tipo de viaje]], Then validate the different flights available]
[Test worker] WARN net.thucydides.core.steps.BaseStepListener - TestOutcomes: [check flights:Example: {origen=Medellín, MDE - Colombia, destino=Pereira, PEI - Colombia} [Given Latam user [Tania open up [Tania opens the Page latam]], When check round trip flights
| origen | destino |
| Medellín, MDE - Colombia | Pereira, PEI - Colombia | [Tania consultar vuelo [Tania clicks on Seleccionar el tipo de viaje, Tania clicks on Seleccionar el tipo de viaje]], Then validate the different flights available], Example: {origen=Armenia, AXM - Colombia, destino=Cartagena de Indias, CTG - Colombia} [Given Latam user [Tania open up [Tania opens the Page latam]], When check round trip flights
| origen | destino |
| Armenia, AXM - Colombia | Cartagena de Indias, CTG - Colombia | [Tania consultar vuelo [Tania clicks on Seleccionar el tipo de viaje, Tania clicks on Seleccionar el tipo de viaje]], Then validate the different flights available]]
[Test worker] WARN net.thucydides.core.steps.BaseStepListener - Final testOutcomes: [check flights:Example: {origen=Medellín, MDE - Colombia, destino=Pereira, PEI - Colombia} [Given Latam user [Tania open up [Tania opens the Page latam]], When check round trip flights
| origen | destino |
| Medellín, MDE - Colombia | Pereira, PEI - Colombia | [Tania consultar vuelo [Tania clicks on Seleccionar el tipo de viaje, Tania clicks on Seleccionar el tipo de viaje]], Then validate the different flights available], Example: {origen=Armenia, AXM - Colombia, destino=Cartagena de Indias, CTG - Colombia} [Given Latam user [Tania open up [Tania opens the Page latam]], When check round trip flights
| origen | destino |
| Armenia, AXM - Colombia | Cartagena de Indias, CTG - Colombia | [Tania consultar vuelo [Tania clicks on Seleccionar el tipo de viaje, Tania clicks on Seleccionar el tipo de viaje]], Then validate the different flights available]]
[Test worker] INFO net.thucydides.core.steps.ConsoleLoggingListener - 
        __    _____ _____ ____ _____   ____   _    ____  ____  _____ ____  
  _     \ \  |_   _| ____/ ___|_   _| |  _ \ / \  / ___|/ ___|| ____|  _ \ 
 (_)_____| |   | | |  _| \___ \ | |   | |_) / _ \ \___ \\___ \|  _| | | | |
  _|_____| |   | | | |___ ___) || |   |  __/ ___ \ ___) |___) | |___| |_| |
 (_)     | |   |_| |_____|____/ |_|   |_| /_/   \_\____/|____/|_____|____/ 
        /_/                                                                

TEST PASSED: check flights
----------------------------------------------------------------------------
]]></system-err>
</testsuite>
